--------------- Clean Started: 09/04/2021 04:02:30 Project: Design01, Configuration: ARM GCC 5.4-2016-q2-update Debug ---------------
Deleting file ".\CortexM3\ARM_GCC_541\Debug\main.o"
Deleting file ".\CortexM3\ARM_GCC_541\Debug\cyfitter_cfg.o"
Deleting file ".\CortexM3\ARM_GCC_541\Debug\cymetadata.o"
Deleting file ".\CortexM3\ARM_GCC_541\Debug\MOTOR_1_IN_1.o"
Deleting file ".\CortexM3\ARM_GCC_541\Debug\MOTOR_1_IN_2.o"
Deleting file ".\CortexM3\ARM_GCC_541\Debug\Cm3Start.o"
Deleting file ".\CortexM3\ARM_GCC_541\Debug\CyBootAsmGnu.o"
Deleting file ".\CortexM3\ARM_GCC_541\Debug\CyDmac.o"
Deleting file ".\CortexM3\ARM_GCC_541\Debug\CyFlash.o"
Deleting file ".\CortexM3\ARM_GCC_541\Debug\CyLib.o"
Deleting file ".\CortexM3\ARM_GCC_541\Debug\cyPm.o"
Deleting file ".\CortexM3\ARM_GCC_541\Debug\CySpc.o"
Deleting file ".\CortexM3\ARM_GCC_541\Debug\cyutils.o"
Deleting file ".\CortexM3\ARM_GCC_541\Debug\cy_em_eeprom.o"
Deleting file ".\CortexM3\ARM_GCC_541\Debug\Clock_1.o"
Deleting file ".\CortexM3\ARM_GCC_541\Debug\MOTOR_1_ENA.o"
Deleting file ".\CortexM3\ARM_GCC_541\Debug\MOTOR_1_Phase_A.o"
Deleting file ".\CortexM3\ARM_GCC_541\Debug\MOTOR_1_Phase_B.o"
Deleting file ".\CortexM3\ARM_GCC_541\Debug\UART_1.o"
Deleting file ".\CortexM3\ARM_GCC_541\Debug\UART_1_PM.o"
Deleting file ".\CortexM3\ARM_GCC_541\Debug\UART_1_INT.o"
Deleting file ".\CortexM3\ARM_GCC_541\Debug\UART_1_BOOT.o"
Deleting file ".\CortexM3\ARM_GCC_541\Debug\UART_1_IntClock.o"
Deleting file ".\CortexM3\ARM_GCC_541\Debug\MOTOR_2_IN_4.o"
Deleting file ".\CortexM3\ARM_GCC_541\Debug\MOTOR_2_IN_3.o"
Deleting file ".\CortexM3\ARM_GCC_541\Debug\Clock_2.o"
Deleting file ".\CortexM3\ARM_GCC_541\Debug\MOTOR_2_ENB.o"
Deleting file ".\CortexM3\ARM_GCC_541\Debug\MOTOR_2_Phase_A.o"
Deleting file ".\CortexM3\ARM_GCC_541\Debug\MOTOR_2_Phase_B.o"
Deleting file ".\CortexM3\ARM_GCC_541\Debug\USS_Timer_1.o"
Deleting file ".\CortexM3\ARM_GCC_541\Debug\USS_Timer_1_PM.o"
Deleting file ".\CortexM3\ARM_GCC_541\Debug\Clock_3.o"
Deleting file ".\CortexM3\ARM_GCC_541\Debug\Trigger_1.o"
Deleting file ".\CortexM3\ARM_GCC_541\Debug\Echo_1.o"
Deleting file ".\CortexM3\ARM_GCC_541\Debug\Btn_Start.o"
Deleting file ".\CortexM3\ARM_GCC_541\Debug\State_Reg.o"
Deleting file ".\CortexM3\ARM_GCC_541\Debug\State_Reg_PM.o"
Deleting file ".\CortexM3\ARM_GCC_541\Debug\IR_Sensor.o"
Deleting file ".\CortexM3\ARM_GCC_541\Debug\idle_isr.o"
Deleting file ".\CortexM3\ARM_GCC_541\Debug\move_str_isr.o"
Deleting file ".\CortexM3\ARM_GCC_541\Debug\color_sense_isr.o"
Deleting file ".\CortexM3\ARM_GCC_541\Debug\arm_down_isr.o"
Deleting file ".\CortexM3\ARM_GCC_541\Debug\puck_drag_isr.o"
Deleting file ".\CortexM3\ARM_GCC_541\Debug\arm_up_isr.o"
Deleting file ".\CortexM3\ARM_GCC_541\Debug\turn_left_isr.o"
Deleting file ".\CortexM3\ARM_GCC_541\Debug\stop_mov_isr.o"
Deleting file ".\CortexM3\ARM_GCC_541\Debug\reverse_x_isr.o"
Deleting file ".\CortexM3\ARM_GCC_541\Debug\reverse_turn_isr.o"
Deleting file ".\CortexM3\ARM_GCC_541\Debug\reverse_y_isr.o"
Deleting file ".\CortexM3\ARM_GCC_541\Debug\PWM_RGB.o"
Deleting file ".\CortexM3\ARM_GCC_541\Debug\PWM_RGB_PM.o"
Deleting file ".\CortexM3\ARM_GCC_541\Debug\Counter_RGB.o"
Deleting file ".\CortexM3\ARM_GCC_541\Debug\Counter_RGB_PM.o"
Deleting file ".\CortexM3\ARM_GCC_541\Debug\Color_Out.o"
Deleting file ".\CortexM3\ARM_GCC_541\Debug\Control_Reg_RGB.o"
Deleting file ".\CortexM3\ARM_GCC_541\Debug\Control_Reg_RGB_PM.o"
Deleting file ".\CortexM3\ARM_GCC_541\Debug\S0.o"
Deleting file ".\CortexM3\ARM_GCC_541\Debug\S1.o"
Deleting file ".\CortexM3\ARM_GCC_541\Debug\S2.o"
Deleting file ".\CortexM3\ARM_GCC_541\Debug\S3.o"
Deleting file ".\CortexM3\ARM_GCC_541\Debug\LED.o"
Deleting file ".\CortexM3\ARM_GCC_541\Debug\LED_Pin.o"
Deleting file ".\CortexM3\ARM_GCC_541\Debug\Color_LED_Reg.o"
Deleting file ".\CortexM3\ARM_GCC_541\Debug\Color_LED_Reg_PM.o"
Deleting file ".\CortexM3\ARM_GCC_541\Debug\Status_Reg_RGB.o"
Deleting file ".\CortexM3\ARM_GCC_541\Debug\PWM_Motor_1.o"
Deleting file ".\CortexM3\ARM_GCC_541\Debug\PWM_Motor_1_PM.o"
Deleting file ".\CortexM3\ARM_GCC_541\Debug\QuadDec_Motor_1.o"
Deleting file ".\CortexM3\ARM_GCC_541\Debug\QuadDec_Motor_1_PM.o"
Deleting file ".\CortexM3\ARM_GCC_541\Debug\PWM_Motor_2.o"
Deleting file ".\CortexM3\ARM_GCC_541\Debug\PWM_Motor_2_PM.o"
Deleting file ".\CortexM3\ARM_GCC_541\Debug\QuadDec_Motor_2.o"
Deleting file ".\CortexM3\ARM_GCC_541\Debug\QuadDec_Motor_2_PM.o"
Deleting file ".\CortexM3\ARM_GCC_541\Debug\PWM_Arm.o"
Deleting file ".\CortexM3\ARM_GCC_541\Debug\PWM_Arm_PM.o"
Deleting file ".\CortexM3\ARM_GCC_541\Debug\Status_Reg_Arm.o"
Deleting file ".\CortexM3\ARM_GCC_541\Debug\QuadDec_Motor_1_Cnt16.o"
Deleting file ".\CortexM3\ARM_GCC_541\Debug\QuadDec_Motor_1_Cnt16_PM.o"
Deleting file ".\CortexM3\ARM_GCC_541\Debug\QuadDec_Motor_2_Cnt16.o"
Deleting file ".\CortexM3\ARM_GCC_541\Debug\QuadDec_Motor_2_Cnt16_PM.o"
Deleting file ".\CortexM3\ARM_GCC_541\Debug\Status_Reg_USS.o"
Deleting file ".\CortexM3\ARM_GCC_541\Debug\Servo_M_Pin.o"
Deleting file ".\CortexM3\ARM_GCC_541\Debug\PWM_Arm_1.o"
Deleting file ".\CortexM3\ARM_GCC_541\Debug\PWM_Arm_1_PM.o"
Deleting file ".\CortexM3\ARM_GCC_541\Debug\Servo_P_Pin.o"
Deleting file ".\CortexM3\ARM_GCC_541\Debug\Design01.hex"
Deleting file ".\CortexM3\ARM_GCC_541\Debug\Design01.elf"
Deleting file ".\CortexM3\ARM_GCC_541\Debug\Design01.map"
Deleting file ".\Design01.cycdx"
Deleting file ".\Design01.svd"
Deleting file ".\Design01.rpt"
Deleting file ".\Design01_timing.html"
Deleting file ".\CortexM3\ARM_GCC_541\Debug\.deps\SOURCE_C__ARM_GCC_GENERIC.P"
Deleting file ".\CortexM3\ARM_GCC_541\Debug\.deps\SOURCE_ASM__ARM_GCC_GENERIC.P"
--------------- Clean Succeeded: 09/04/2021 04:02:30 ---------------
